Determining if the pthread_create exist failed with the following output:
Change Dir: /home/ubuntu/objectdetect_ws/src/objectdetect_pkg/build/CMakeFiles/CMakeTmp

Run Build Command:/usr/bin/make "cmTryCompileExec3707254703/fast"
/usr/bin/make -f CMakeFiles/cmTryCompileExec3707254703.dir/build.make CMakeFiles/cmTryCompileExec3707254703.dir/build
make[1]: Entering directory `/home/ubuntu/objectdetect_ws/src/objectdetect_pkg/build/CMakeFiles/CMakeTmp'
/usr/bin/cmake -E cmake_progress_report /home/ubuntu/objectdetect_ws/src/objectdetect_pkg/build/CMakeFiles/CMakeTmp/CMakeFiles 1
Building C object CMakeFiles/cmTryCompileExec3707254703.dir/CheckSymbolExists.c.o
/usr/bin/cc    -o CMakeFiles/cmTryCompileExec3707254703.dir/CheckSymbolExists.c.o   -c /home/ubuntu/objectdetect_ws/src/objectdetect_pkg/build/CMakeFiles/CMakeTmp/CheckSymbolExists.c
Linking C executable cmTryCompileExec3707254703
/usr/bin/cmake -E cmake_link_script CMakeFiles/cmTryCompileExec3707254703.dir/link.txt --verbose=1
/usr/bin/cc       CMakeFiles/cmTryCompileExec3707254703.dir/CheckSymbolExists.c.o  -o cmTryCompileExec3707254703 -rdynamic 
CMakeFiles/cmTryCompileExec3707254703.dir/CheckSymbolExists.c.o: In function `main':
CheckSymbolExists.c:(.text+0xe): undefined reference to `pthread_create'
CheckSymbolExists.c:(.text+0x12): undefined reference to `pthread_create'
collect2: error: ld returned 1 exit status
make[1]: Leaving directory `/home/ubuntu/objectdetect_ws/src/objectdetect_pkg/build/CMakeFiles/CMakeTmp'
make[1]: *** [cmTryCompileExec3707254703] Error 1
make: *** [cmTryCompileExec3707254703/fast] Error 2

File /home/ubuntu/objectdetect_ws/src/objectdetect_pkg/build/CMakeFiles/CMakeTmp/CheckSymbolExists.c:
/* */
#include <pthread.h>

int main(int argc, char** argv)
{
  (void)argv;
#ifndef pthread_create
  return ((int*)(&pthread_create))[argc];
#else
  (void)argc;
  return 0;
#endif
}

Determining if the function pthread_create exists in the pthreads failed with the following output:
Change Dir: /home/ubuntu/objectdetect_ws/src/objectdetect_pkg/build/CMakeFiles/CMakeTmp

Run Build Command:/usr/bin/make "cmTryCompileExec3006798725/fast"
/usr/bin/make -f CMakeFiles/cmTryCompileExec3006798725.dir/build.make CMakeFiles/cmTryCompileExec3006798725.dir/build
make[1]: Entering directory `/home/ubuntu/objectdetect_ws/src/objectdetect_pkg/build/CMakeFiles/CMakeTmp'
/usr/bin/cmake -E cmake_progress_report /home/ubuntu/objectdetect_ws/src/objectdetect_pkg/build/CMakeFiles/CMakeTmp/CMakeFiles 1
Building C object CMakeFiles/cmTryCompileExec3006798725.dir/CheckFunctionExists.c.o
/usr/bin/cc   -DCHECK_FUNCTION_EXISTS=pthread_create   -o CMakeFiles/cmTryCompileExec3006798725.dir/CheckFunctionExists.c.o   -c /usr/share/cmake-2.8/Modules/CheckFunctionExists.c
Linking C executable cmTryCompileExec3006798725
/usr/bin/cmake -E cmake_link_script CMakeFiles/cmTryCompileExec3006798725.dir/link.txt --verbose=1
/usr/bin/cc   -DCHECK_FUNCTION_EXISTS=pthread_create    CMakeFiles/cmTryCompileExec3006798725.dir/CheckFunctionExists.c.o  -o cmTryCompileExec3006798725 -rdynamic -lpthreads 
/usr/bin/ld: cannot find -lpthreads
collect2: error: ld returned 1 exit status
make[1]: Leaving directory `/home/ubuntu/objectdetect_ws/src/objectdetect_pkg/build/CMakeFiles/CMakeTmp'
make[1]: *** [cmTryCompileExec3006798725] Error 1
make: *** [cmTryCompileExec3006798725/fast] Error 2


